Setting stack size to unlimited...
core file size          (blocks, -c) 0
data seg size           (kbytes, -d) unlimited
scheduling priority             (-e) 0
file size               (blocks, -f) unlimited
pending signals                 (-i) 2060409
max locked memory       (kbytes, -l) unlimited
max memory size         (kbytes, -m) 67108864
open files                      (-n) 65535
pipe size            (512 bytes, -p) 8
POSIX message queues     (bytes, -q) 819200
real-time priority              (-r) 0
stack size              (kbytes, -s) unlimited
cpu time               (seconds, -t) unlimited
max user processes              (-u) 4096
virtual memory          (kbytes, -v) unlimited
file locks                      (-x) unlimited

Running Job...!
===============================================================================
Running compiled binary...
Parallel version with 16 threads
g++ -Wall -Werror -W -Wextra -DKUACC main.cpp mandelbrot.cpp -fopenmp  -o ./mandelbrot
./mandelbrot
Starting Test (zoom_in_test_mixed)
	Duration for zoom_in at (469, 311): 917 ms
	Duration for zoom_in at (560, 685): 625 ms
	Duration for zoom_in at (924, 557): 701 ms
	Duration for zoom_in at (787, 581): 1311 ms
Finished test ( zoom_in_test_mixed) in: 3559 ms
Saved result to file (zoom_in_test_mixed.ppm)
===============================================
Starting Test (zoom_in_test_all_white)
	Duration for zoom_in at (0, 0): 715 ms
	Duration for zoom_in at (0, 0): 672 ms
	Duration for zoom_in at (0, 0): 731 ms
	Duration for zoom_in at (0, 0): 808 ms
Finished test ( zoom_in_test_all_white) in: 2931 ms
Saved result to file (zoom_in_test_all_white.ppm)
===============================================
Starting Test (zoom_in_test_all_black)
	Duration for zoom_in at (500, 500): 857 ms
	Duration for zoom_in at (500, 500): 865 ms
	Duration for zoom_in at (500, 500): 926 ms
	Duration for zoom_in at (500, 500): 996 ms
Finished test ( zoom_in_test_all_black) in: 3648 ms
Saved result to file (zoom_in_test_all_black.ppm)
===============================================
